
> thumbsnare-youtube-thumbnail-studio@0.1.0 build
> next build

Attention: Next.js now collects completely anonymous telemetry regarding usage.
This information is used to shape Next.js' roadmap and prioritize features.
You can learn more, including how to opt-out if you'd not like to participate in this anonymous program, by visiting the following URL:
https://nextjs.org/telemetry

   ▲ Next.js 15.1.3
   - Environments: .env.local

   Creating an optimized production build ...
 ✓ Compiled successfully
   Linting and checking validity of types ...
   Collecting page data ...
   Generating static pages (0/6) ...
   Generating static pages (1/6) 
   Generating static pages (2/6) 
   Generating static pages (4/6) 
 ✓ Generating static pages (6/6)
   Finalizing page optimization ...
   Collecting build traces ...

Route (app)                              Size     First Load JS
┌ ○ /                                    4.88 kB         110 kB
├ ○ /_not-found                          979 B           106 kB
├ ƒ /api/generate/concepts               137 B           105 kB
└ ƒ /api/pollinations/models             137 B           105 kB
+ First Load JS shared by all            105 kB
  ├ chunks/4bd1b696-f6465e5a7a198442.js  52.9 kB
  ├ chunks/517-f34cf2482786e8ab.js       50.5 kB
  └ other shared chunks (total)          1.88 kB


○  (Static)   prerendered as static content
ƒ  (Dynamic)  server-rendered on demand

